Evil Jump/Library/Bee/Android/Prj/Mono2x/Gradle/launcher/build/intermediates/manifest_merge_blame_file/release/manifest-merger-blame-release-report.txt
1<?xml version="1.0" encoding="utf-8"?>
2<manifest xmlns:android="http://schemas.android.com/apk/res/android"
3    package="com.AhmetBugraErbas.EvilJump"
4    android:installLocation="preferExternal"
5    android:versionCode="1"
6    android:versionName="0.8" >
7
8    <uses-sdk
9        android:minSdkVersion="22"
9-->src\main\AndroidManifest.xml
10        android:targetSdkVersion="33" />
10-->src\main\AndroidManifest.xml
11
12    <supports-screens
12-->src\main\AndroidManifest.xml:3:3-163
13        android:anyDensity="true"
13-->src\main\AndroidManifest.xml:3:135-160
14        android:largeScreens="true"
14-->src\main\AndroidManifest.xml:3:78-105
15        android:normalScreens="true"
15-->src\main\AndroidManifest.xml:3:49-77
16        android:smallScreens="true"
16-->src\main\AndroidManifest.xml:3:21-48
17        android:xlargeScreens="true" />
17-->src\main\AndroidManifest.xml:3:106-134
18
19    <uses-feature android:glEsVersion="0x00020000" />
19-->[:unityLibrary] AndroidManifest.xml:12:5-54
19-->[:unityLibrary] AndroidManifest.xml:12:19-51
20    <uses-feature
20-->[:unityLibrary] AndroidManifest.xml:13:5-15:36
21        android:name="android.hardware.vulkan.version"
21-->[:unityLibrary] AndroidManifest.xml:14:9-55
22        android:required="false" />
22-->[:unityLibrary] AndroidManifest.xml:15:9-33
23
24    <supports-gl-texture android:name="GL_OES_compressed_ETC1_RGB8_texture" />
24-->[:unityLibrary] AndroidManifest.xml:17:5-79
24-->[:unityLibrary] AndroidManifest.xml:17:26-76
25
26    <uses-feature
26-->[:unityLibrary] AndroidManifest.xml:19:5-21:36
27        android:name="android.hardware.sensor.accelerometer"
27-->[:unityLibrary] AndroidManifest.xml:20:9-61
28        android:required="false" />
28-->[:unityLibrary] AndroidManifest.xml:21:9-33
29    <uses-feature
29-->[:unityLibrary] AndroidManifest.xml:22:5-24:36
30        android:name="android.hardware.touchscreen"
30-->[:unityLibrary] AndroidManifest.xml:23:9-52
31        android:required="false" />
31-->[:unityLibrary] AndroidManifest.xml:24:9-33
32    <uses-feature
32-->[:unityLibrary] AndroidManifest.xml:25:5-27:36
33        android:name="android.hardware.touchscreen.multitouch"
33-->[:unityLibrary] AndroidManifest.xml:26:9-63
34        android:required="false" />
34-->[:unityLibrary] AndroidManifest.xml:27:9-33
35    <uses-feature
35-->[:unityLibrary] AndroidManifest.xml:28:5-30:36
36        android:name="android.hardware.touchscreen.multitouch.distinct"
36-->[:unityLibrary] AndroidManifest.xml:29:9-72
37        android:required="false" />
37-->[:unityLibrary] AndroidManifest.xml:30:9-33
38
39    <application
39-->src\main\AndroidManifest.xml:4:3-83
40        android:extractNativeLibs="true"
40-->[:unityLibrary] AndroidManifest.xml:32:18-50
41        android:icon="@mipmap/app_icon"
41-->src\main\AndroidManifest.xml:4:49-80
42        android:label="@string/app_name" >
42-->src\main\AndroidManifest.xml:4:16-48
43        <activity
43-->[:unityLibrary] AndroidManifest.xml:33:9-55:20
44            android:name="com.unity3d.player.UnityPlayerActivity"
44-->[:unityLibrary] AndroidManifest.xml:34:13-66
45            android:configChanges="mcc|mnc|locale|touchscreen|keyboard|keyboardHidden|navigation|orientation|screenLayout|uiMode|screenSize|smallestScreenSize|fontScale|layoutDirection|density"
45-->[:unityLibrary] AndroidManifest.xml:35:13-194
46            android:exported="true"
46-->[:unityLibrary] AndroidManifest.xml:36:13-36
47            android:hardwareAccelerated="false"
47-->[:unityLibrary] AndroidManifest.xml:37:13-48
48            android:launchMode="singleTask"
48-->[:unityLibrary] AndroidManifest.xml:38:13-44
49            android:maxAspectRatio="1.86"
49-->[:unityLibrary] AndroidManifest.xml:39:13-42
50            android:resizeableActivity="false"
50-->[:unityLibrary] AndroidManifest.xml:40:13-47
51            android:screenOrientation="portrait"
51-->[:unityLibrary] AndroidManifest.xml:41:13-49
52            android:theme="@style/UnityThemeSelector" >
52-->[:unityLibrary] AndroidManifest.xml:42:13-54
53            <intent-filter>
53-->[:unityLibrary] AndroidManifest.xml:43:13-47:29
54                <action android:name="android.intent.action.MAIN" />
54-->[:unityLibrary] AndroidManifest.xml:44:17-69
54-->[:unityLibrary] AndroidManifest.xml:44:25-66
55
56                <category android:name="android.intent.category.LAUNCHER" />
56-->[:unityLibrary] AndroidManifest.xml:46:17-77
56-->[:unityLibrary] AndroidManifest.xml:46:27-74
57            </intent-filter>
58
59            <meta-data
59-->[:unityLibrary] AndroidManifest.xml:49:13-51:40
60                android:name="unityplayer.UnityActivity"
60-->[:unityLibrary] AndroidManifest.xml:50:17-57
61                android:value="true" />
61-->[:unityLibrary] AndroidManifest.xml:51:17-37
62            <meta-data
62-->[:unityLibrary] AndroidManifest.xml:52:13-54:40
63                android:name="android.notch_support"
63-->[:unityLibrary] AndroidManifest.xml:53:17-53
64                android:value="true" />
64-->[:unityLibrary] AndroidManifest.xml:54:17-37
65        </activity>
66
67        <meta-data
67-->[:unityLibrary] AndroidManifest.xml:57:9-59:33
68            android:name="unity.splash-mode"
68-->[:unityLibrary] AndroidManifest.xml:58:13-45
69            android:value="0" />
69-->[:unityLibrary] AndroidManifest.xml:59:13-30
70        <meta-data
70-->[:unityLibrary] AndroidManifest.xml:60:9-62:36
71            android:name="unity.splash-enable"
71-->[:unityLibrary] AndroidManifest.xml:61:13-47
72            android:value="True" />
72-->[:unityLibrary] AndroidManifest.xml:62:13-33
73        <meta-data
73-->[:unityLibrary] AndroidManifest.xml:63:9-65:36
74            android:name="unity.launch-fullscreen"
74-->[:unityLibrary] AndroidManifest.xml:64:13-51
75            android:value="True" />
75-->[:unityLibrary] AndroidManifest.xml:65:13-33
76        <meta-data
76-->[:unityLibrary] AndroidManifest.xml:66:9-68:37
77            android:name="unity.allow-resizable-window"
77-->[:unityLibrary] AndroidManifest.xml:67:13-56
78            android:value="False" />
78-->[:unityLibrary] AndroidManifest.xml:68:13-34
79        <meta-data
79-->[:unityLibrary] AndroidManifest.xml:69:9-71:36
80            android:name="android.max_aspect"
80-->[:unityLibrary] AndroidManifest.xml:70:13-46
81            android:value="1.86" />
81-->[:unityLibrary] AndroidManifest.xml:71:13-33
82        <meta-data
82-->[:unityLibrary] AndroidManifest.xml:72:9-74:50
83            android:name="notch.config"
83-->[:unityLibrary] AndroidManifest.xml:73:13-40
84            android:value="portrait|landscape" />
84-->[:unityLibrary] AndroidManifest.xml:74:13-47
85    </application>
86
87</manifest>